<?xml version="1.0" encoding="UTF-8"?>
<!-- Generated by org.testng.reporters.JUnitReportReporter -->
<testsuite hostname="LAPTOP-IUSPVIV2" name="com.apex.test.EcommerceLogin" tests="1" failures="0" timestamp="9 Nov 2017 18:22:03 GMT" time="0.353" errors="0">
  <testcase name="loginSucess" time="0.353" classname="com.apex.test.EcommerceLogin"/>
</testsuite> <!-- com.apex.test.EcommerceLogin -->
