<?xml version="1.0" encoding="UTF-8"?>
<!-- Generated by org.testng.reporters.JUnitReportReporter -->
<testsuite hostname="LAPTOP-IUSPVIV2" name="com.apex.test.Ecommerce" tests="1" failures="0" timestamp="6 Nov 2017 09:01:28 GMT" time="49.887" errors="1">
  <testcase name="setBrowser" time="49.887" classname="com.apex.test.Ecommerce">
    <error type="org.openqa.selenium.WebDriverException" message="Failed to connect to binary FirefoxBinary(C:\Program Files (x86)\Mozilla Firefox\firefox.exe) on port 7055; process output follows: 
,&quot;contributors&quot;:[&quot;Mozilla Contributors&quot;]},&quot;visible&quot;:true,&quot;active&quot;:true,&quot;userDisabled&quot;:false,&quot;appDisabled&quot;:false,&quot;descriptor&quot;:&quot;C:\\Program Files (x86)\\Mozilla Firefox\\browser\\extensions\\{972ce4c6-7e08-4474-a285-3208198ce6fd}.xpi&quot;,&quot;installDate&quot;:1509736517541,&quot;updateDate&quot;:1509736517541,&quot;applyBackgroundUpdates&quot;:1,&quot;skinnable&quot;:true,&quot;size&quot;:22012,&quot;sourceURI&quot;:null,&quot;releaseNotesURI&quot;:null,&quot;softDisabled&quot;:false,&quot;foreignInstall&quot;:false,&quot;hasBinaryComponents&quot;:false,&quot;strictCompatibility&quot;:true,&quot;locales&quot;:[],&quot;targetApplications&quot;:[{&quot;id&quot;:&quot;{ec8030f7-c20a-464f-9b0e-13a3a9e97384}&quot;,&quot;minVersion&quot;:&quot;47.0.2&quot;,&quot;maxVersion&quot;:&quot;47.0.2&quot;}],&quot;targetPlatforms&quot;:[],&quot;seen&quot;:true}
1509958842846	addons.xpi	DEBUG	getModTime: Recursive scan of {972ce4c6-7e08-4474-a285-3208198ce6fd}
1509958842850	DeferredSave.extensions.json	DEBUG	Save changes
1509958842850	addons.xpi	DEBUG	Updating database with changes to installed add-ons
1509958842850	addons.xpi-utils	DEBUG	Updating add-on states
1509958842855	addons.xpi-utils	DEBUG	Writing add-ons list
1509958842872	addons.xpi	DEBUG	Registering manifest for C:\Program Files (x86)\Mozilla Firefox\browser\features\e10srollout@mozilla.org.xpi
1509958842875	addons.xpi	DEBUG	Calling bootstrap method startup on e10srollout@mozilla.org version 1.0
1509958842875	addons.xpi	DEBUG	Registering manifest for C:\Program Files (x86)\Mozilla Firefox\browser\features\firefox@getpocket.com.xpi
1509958842878	addons.xpi	DEBUG	Calling bootstrap method startup on firefox@getpocket.com version 1.0.2
1509958842880	addons.xpi	DEBUG	Registering manifest for C:\Program Files (x86)\Mozilla Firefox\browser\features\loop@mozilla.org.xpi
1509958842884	addons.xpi	DEBUG	Calling bootstrap method startup on loop@mozilla.org version 1.3.2
1509958842945	addons.xpi	DEBUG	Registering manifest for C:\Program Files (x86)\Mozilla Firefox\browser\features\websensehelper@mozilla.org.xpi
1509958842947	addons.xpi	DEBUG	Calling bootstrap method startup on websensehelper@mozilla.org version 1.0
1509958842955	addons.manager	DEBUG	Registering shutdown blocker for XPIProvider
1509958842956	addons.manager	DEBUG	Provider finished startup: XPIProvider
1509958842956	addons.manager	DEBUG	Starting provider: LightweightThemeManager
1509958842956	addons.manager	DEBUG	Registering shutdown blocker for LightweightThemeManager
1509958842956	addons.manager	DEBUG	Provider finished startup: LightweightThemeManager
1509958842957	addons.manager	DEBUG	Starting provider: GMPProvider
1509958842993	addons.manager	DEBUG	Registering shutdown blocker for GMPProvider
1509958842993	addons.manager	DEBUG	Provider finished startup: GMPProvider
1509958842994	addons.manager	DEBUG	Starting provider: PluginProvider
1509958842994	addons.manager	DEBUG	Registering shutdown blocker for PluginProvider
1509958843001	addons.manager	DEBUG	Provider finished startup: PluginProvider
1509958843002	addons.manager	DEBUG	Completed startup sequence
1509958845234	addons.manager	DEBUG	Starting provider: &lt;unnamed-provider&gt;
1509958845234	addons.manager	DEBUG	Registering shutdown blocker for &lt;unnamed-provider&gt;
1509958845235	addons.manager	DEBUG	Provider finished startup: &lt;unnamed-provider&gt;
1509958845986	DeferredSave.extensions.json	DEBUG	Write succeeded
1509958845987	addons.xpi-utils	DEBUG	XPI Database saved, setting schema version preference to 17
1509958845987	DeferredSave.extensions.json	DEBUG	Starting timer
1509958846083	DeferredSave.extensions.json	DEBUG	Starting write
1509958846182	addons.repository	DEBUG	No addons.json found.
1509958846184	DeferredSave.addons.json	DEBUG	Save changes
1509958846198	DeferredSave.addons.json	DEBUG	Starting timer
1509958846352	addons.manager	DEBUG	Starting provider: PreviousExperimentProvider
1509958846352	addons.manager	DEBUG	Registering shutdown blocker for PreviousExperimentProvider
1509958846353	addons.manager	DEBUG	Provider finished startup: PreviousExperimentProvider
1509958846369	DeferredSave.addons.json	DEBUG	Starting write
1509958846378	DeferredSave.extensions.json	DEBUG	Write succeeded
1509958846453	DeferredSave.addons.json	DEBUG	Write succeeded

Build info: version: &#039;2.53.0&#039;, revision: &#039;35ae25b1534ae328c771e0856c93e187490ca824&#039;, time: &#039;2016-03-15 10:43:46&#039;
System info: host: &#039;LAPTOP-IUSPVIV2&#039;, ip: &#039;192.168.1.5&#039;, os.name: &#039;Windows 10&#039;, os.arch: &#039;amd64&#039;, os.version: &#039;10.0&#039;, java.version: &#039;1.8.0_131&#039;
Driver info: driver.version: FirefoxDriver">
      <![CDATA[org.openqa.selenium.WebDriverException: Failed to connect to binary FirefoxBinary(C:\Program Files (x86)\Mozilla Firefox\firefox.exe) on port 7055; process output follows: 
,"contributors":["Mozilla Contributors"]},"visible":true,"active":true,"userDisabled":false,"appDisabled":false,"descriptor":"C:\\Program Files (x86)\\Mozilla Firefox\\browser\\extensions\\{972ce4c6-7e08-4474-a285-3208198ce6fd}.xpi","installDate":1509736517541,"updateDate":1509736517541,"applyBackgroundUpdates":1,"skinnable":true,"size":22012,"sourceURI":null,"releaseNotesURI":null,"softDisabled":false,"foreignInstall":false,"hasBinaryComponents":false,"strictCompatibility":true,"locales":[],"targetApplications":[{"id":"{ec8030f7-c20a-464f-9b0e-13a3a9e97384}","minVersion":"47.0.2","maxVersion":"47.0.2"}],"targetPlatforms":[],"seen":true}
1509958842846	addons.xpi	DEBUG	getModTime: Recursive scan of {972ce4c6-7e08-4474-a285-3208198ce6fd}
1509958842850	DeferredSave.extensions.json	DEBUG	Save changes
1509958842850	addons.xpi	DEBUG	Updating database with changes to installed add-ons
1509958842850	addons.xpi-utils	DEBUG	Updating add-on states
1509958842855	addons.xpi-utils	DEBUG	Writing add-ons list
1509958842872	addons.xpi	DEBUG	Registering manifest for C:\Program Files (x86)\Mozilla Firefox\browser\features\e10srollout@mozilla.org.xpi
1509958842875	addons.xpi	DEBUG	Calling bootstrap method startup on e10srollout@mozilla.org version 1.0
1509958842875	addons.xpi	DEBUG	Registering manifest for C:\Program Files (x86)\Mozilla Firefox\browser\features\firefox@getpocket.com.xpi
1509958842878	addons.xpi	DEBUG	Calling bootstrap method startup on firefox@getpocket.com version 1.0.2
1509958842880	addons.xpi	DEBUG	Registering manifest for C:\Program Files (x86)\Mozilla Firefox\browser\features\loop@mozilla.org.xpi
1509958842884	addons.xpi	DEBUG	Calling bootstrap method startup on loop@mozilla.org version 1.3.2
1509958842945	addons.xpi	DEBUG	Registering manifest for C:\Program Files (x86)\Mozilla Firefox\browser\features\websensehelper@mozilla.org.xpi
1509958842947	addons.xpi	DEBUG	Calling bootstrap method startup on websensehelper@mozilla.org version 1.0
1509958842955	addons.manager	DEBUG	Registering shutdown blocker for XPIProvider
1509958842956	addons.manager	DEBUG	Provider finished startup: XPIProvider
1509958842956	addons.manager	DEBUG	Starting provider: LightweightThemeManager
1509958842956	addons.manager	DEBUG	Registering shutdown blocker for LightweightThemeManager
1509958842956	addons.manager	DEBUG	Provider finished startup: LightweightThemeManager
1509958842957	addons.manager	DEBUG	Starting provider: GMPProvider
1509958842993	addons.manager	DEBUG	Registering shutdown blocker for GMPProvider
1509958842993	addons.manager	DEBUG	Provider finished startup: GMPProvider
1509958842994	addons.manager	DEBUG	Starting provider: PluginProvider
1509958842994	addons.manager	DEBUG	Registering shutdown blocker for PluginProvider
1509958843001	addons.manager	DEBUG	Provider finished startup: PluginProvider
1509958843002	addons.manager	DEBUG	Completed startup sequence
1509958845234	addons.manager	DEBUG	Starting provider: <unnamed-provider>
1509958845234	addons.manager	DEBUG	Registering shutdown blocker for <unnamed-provider>
1509958845235	addons.manager	DEBUG	Provider finished startup: <unnamed-provider>
1509958845986	DeferredSave.extensions.json	DEBUG	Write succeeded
1509958845987	addons.xpi-utils	DEBUG	XPI Database saved, setting schema version preference to 17
1509958845987	DeferredSave.extensions.json	DEBUG	Starting timer
1509958846083	DeferredSave.extensions.json	DEBUG	Starting write
1509958846182	addons.repository	DEBUG	No addons.json found.
1509958846184	DeferredSave.addons.json	DEBUG	Save changes
1509958846198	DeferredSave.addons.json	DEBUG	Starting timer
1509958846352	addons.manager	DEBUG	Starting provider: PreviousExperimentProvider
1509958846352	addons.manager	DEBUG	Registering shutdown blocker for PreviousExperimentProvider
1509958846353	addons.manager	DEBUG	Provider finished startup: PreviousExperimentProvider
1509958846369	DeferredSave.addons.json	DEBUG	Starting write
1509958846378	DeferredSave.extensions.json	DEBUG	Write succeeded
1509958846453	DeferredSave.addons.json	DEBUG	Write succeeded

Build info: version: '2.53.0', revision: '35ae25b1534ae328c771e0856c93e187490ca824', time: '2016-03-15 10:43:46'
System info: host: 'LAPTOP-IUSPVIV2', ip: '192.168.1.5', os.name: 'Windows 10', os.arch: 'amd64', os.version: '10.0', java.version: '1.8.0_131'
Driver info: driver.version: FirefoxDriver
	at org.openqa.selenium.firefox.internal.NewProfileExtensionConnection.start(NewProfileExtensionConnection.java:125)
	at org.openqa.selenium.firefox.FirefoxDriver.startClient(FirefoxDriver.java:271)
	at org.openqa.selenium.remote.RemoteWebDriver.<init>(RemoteWebDriver.java:119)
	at org.openqa.selenium.firefox.FirefoxDriver.<init>(FirefoxDriver.java:216)
	at org.openqa.selenium.firefox.FirefoxDriver.<init>(FirefoxDriver.java:211)
	at org.openqa.selenium.firefox.FirefoxDriver.<init>(FirefoxDriver.java:207)
	at org.openqa.selenium.firefox.FirefoxDriver.<init>(FirefoxDriver.java:120)
	at com.apex.test.Ecommerce.setBrowser(Ecommerce.java:12)
	at sun.reflect.NativeMethodAccessorImpl.invoke0(Native Method)
	at sun.reflect.NativeMethodAccessorImpl.invoke(NativeMethodAccessorImpl.java:62)
	at sun.reflect.DelegatingMethodAccessorImpl.invoke(DelegatingMethodAccessorImpl.java:43)
	at java.lang.reflect.Method.invoke(Method.java:498)
	at org.testng.internal.MethodInvocationHelper.invokeMethod(MethodInvocationHelper.java:86)
	at org.testng.internal.Invoker.invokeMethod(Invoker.java:643)
	at org.testng.internal.Invoker.invokeTestMethod(Invoker.java:820)
	at org.testng.internal.Invoker.invokeTestMethods(Invoker.java:1128)
	at org.testng.internal.TestMethodWorker.invokeTestMethods(TestMethodWorker.java:129)
	at org.testng.internal.TestMethodWorker.run(TestMethodWorker.java:112)
	at org.testng.TestRunner.privateRun(TestRunner.java:782)
	at org.testng.TestRunner.run(TestRunner.java:632)
	at org.testng.SuiteRunner.runTest(SuiteRunner.java:366)
	at org.testng.SuiteRunner.runSequentially(SuiteRunner.java:361)
	at org.testng.SuiteRunner.privateRun(SuiteRunner.java:319)
	at org.testng.SuiteRunner.run(SuiteRunner.java:268)
	at org.testng.SuiteRunnerWorker.runSuite(SuiteRunnerWorker.java:52)
	at org.testng.SuiteRunnerWorker.run(SuiteRunnerWorker.java:86)
	at org.testng.TestNG.runSuitesSequentially(TestNG.java:1244)
	at org.testng.TestNG.runSuitesLocally(TestNG.java:1169)
	at org.testng.TestNG.run(TestNG.java:1064)
	at org.testng.remote.AbstractRemoteTestNG.run(AbstractRemoteTestNG.java:114)
	at org.testng.remote.RemoteTestNG.initAndRun(RemoteTestNG.java:251)
	at org.testng.remote.RemoteTestNG.main(RemoteTestNG.java:77)
Caused by: org.openqa.selenium.firefox.NotConnectedException: Unable to connect to host 127.0.0.1 on port 7055 after 45000 ms. Firefox console output:
,"contributors":["Mozilla Contributors"]},"visible":true,"active":true,"userDisabled":false,"appDisabled":false,"descriptor":"C:\\Program Files (x86)\\Mozilla Firefox\\browser\\extensions\\{972ce4c6-7e08-4474-a285-3208198ce6fd}.xpi","installDate":1509736517541,"updateDate":1509736517541,"applyBackgroundUpdates":1,"skinnable":true,"size":22012,"sourceURI":null,"releaseNotesURI":null,"softDisabled":false,"foreignInstall":false,"hasBinaryComponents":false,"strictCompatibility":true,"locales":[],"targetApplications":[{"id":"{ec8030f7-c20a-464f-9b0e-13a3a9e97384}","minVersion":"47.0.2","maxVersion":"47.0.2"}],"targetPlatforms":[],"seen":true}
1509958842846	addons.xpi	DEBUG	getModTime: Recursive scan of {972ce4c6-7e08-4474-a285-3208198ce6fd}
1509958842850	DeferredSave.extensions.json	DEBUG	Save changes
1509958842850	addons.xpi	DEBUG	Updating database with changes to installed add-ons
1509958842850	addons.xpi-utils	DEBUG	Updating add-on states
1509958842855	addons.xpi-utils	DEBUG	Writing add-ons list
1509958842872	addons.xpi	DEBUG	Registering manifest for C:\Program Files (x86)\Mozilla Firefox\browser\features\e10srollout@mozilla.org.xpi
1509958842875	addons.xpi	DEBUG	Calling bootstrap method startup on e10srollout@mozilla.org version 1.0
1509958842875	addons.xpi	DEBUG	Registering manifest for C:\Program Files (x86)\Mozilla Firefox\browser\features\firefox@getpocket.com.xpi
1509958842878	addons.xpi	DEBUG	Calling bootstrap method startup on firefox@getpocket.com version 1.0.2
1509958842880	addons.xpi	DEBUG	Registering manifest for C:\Program Files (x86)\Mozilla Firefox\browser\features\loop@mozilla.org.xpi
1509958842884	addons.xpi	DEBUG	Calling bootstrap method startup on loop@mozilla.org version 1.3.2
1509958842945	addons.xpi	DEBUG	Registering manifest for C:\Program Files (x86)\Mozilla Firefox\browser\features\websensehelper@mozilla.org.xpi
1509958842947	addons.xpi	DEBUG	Calling bootstrap method startup on websensehelper@mozilla.org version 1.0
1509958842955	addons.manager	DEBUG	Registering shutdown blocker for XPIProvider
1509958842956	addons.manager	DEBUG	Provider finished startup: XPIProvider
1509958842956	addons.manager	DEBUG	Starting provider: LightweightThemeManager
1509958842956	addons.manager	DEBUG	Registering shutdown blocker for LightweightThemeManager
1509958842956	addons.manager	DEBUG	Provider finished startup: LightweightThemeManager
1509958842957	addons.manager	DEBUG	Starting provider: GMPProvider
1509958842993	addons.manager	DEBUG	Registering shutdown blocker for GMPProvider
1509958842993	addons.manager	DEBUG	Provider finished startup: GMPProvider
1509958842994	addons.manager	DEBUG	Starting provider: PluginProvider
1509958842994	addons.manager	DEBUG	Registering shutdown blocker for PluginProvider
1509958843001	addons.manager	DEBUG	Provider finished startup: PluginProvider
1509958843002	addons.manager	DEBUG	Completed startup sequence
1509958845234	addons.manager	DEBUG	Starting provider: <unnamed-provider>
1509958845234	addons.manager	DEBUG	Registering shutdown blocker for <unnamed-provider>
1509958845235	addons.manager	DEBUG	Provider finished startup: <unnamed-provider>
1509958845986	DeferredSave.extensions.json	DEBUG	Write succeeded
1509958845987	addons.xpi-utils	DEBUG	XPI Database saved, setting schema version preference to 17
1509958845987	DeferredSave.extensions.json	DEBUG	Starting timer
1509958846083	DeferredSave.extensions.json	DEBUG	Starting write
1509958846182	addons.repository	DEBUG	No addons.json found.
1509958846184	DeferredSave.addons.json	DEBUG	Save changes
1509958846198	DeferredSave.addons.json	DEBUG	Starting timer
1509958846352	addons.manager	DEBUG	Starting provider: PreviousExperimentProvider
1509958846352	addons.manager	DEBUG	Registering shutdown blocker for PreviousExperimentProvider
1509958846353	addons.manager	DEBUG	Provider finished startup: PreviousExperimentProvider
1509958846369	DeferredSave.addons.json	DEBUG	Starting write
1509958846378	DeferredSave.extensions.json	DEBUG	Write succeeded
1509958846453	DeferredSave.addons.json	DEBUG	Write succeeded

	at org.openqa.selenium.firefox.internal.NewProfileExtensionConnection.start(NewProfileExtensionConnection.java:113)
	... 31 more
]]>
    </error>
  </testcase> <!-- setBrowser -->
</testsuite> <!-- com.apex.test.Ecommerce -->
