<?xml version="1.0" encoding="UTF-8"?>
<!-- Generated by org.testng.reporters.JUnitReportReporter -->
<testsuite hostname="LAPTOP-IUSPVIV2" name="com.apex.test.ImplicitWait" tests="1" failures="0" timestamp="23 Nov 2017 02:24:39 GMT" time="30.778" errors="0">
  <testcase name="f" time="30.778" classname="com.apex.test.ImplicitWait"/>
</testsuite> <!-- com.apex.test.ImplicitWait -->
