<?xml version="1.0" encoding="UTF-8"?>
<!-- Generated by org.testng.reporters.JUnitReportReporter -->
<testsuite hostname="LAPTOP-IUSPVIV2" name="com.apex.test.EcommerceRegistationTest" tests="1" failures="0" timestamp="11 Nov 2017 17:53:44 GMT" time="20.927" errors="0">
  <testcase name="getRegPage" time="20.927" classname="com.apex.test.EcommerceRegistationTest"/>
</testsuite> <!-- com.apex.test.EcommerceRegistationTest -->
