<?xml version="1.0" encoding="UTF-8"?>
<!-- Generated by org.testng.reporters.JUnitReportReporter -->
<testsuite hostname="LAPTOP-IUSPVIV2" name="com.apex.test.EcommerceLoginTest_Dp" tests="6" failures="0" timestamp="17 Nov 2017 02:59:31 GMT" time="196.365" errors="0">
  <testcase name="loginUnsuccess" time="27.747" classname="com.apex.test.EcommerceLoginTest_Dp"/>
  <testcase name="loginUnsuccess" time="26.268" classname="com.apex.test.EcommerceLoginTest_Dp"/>
  <testcase name="loginSuccess" time="64.534" classname="com.apex.test.EcommerceLoginTest_Dp"/>
  <testcase name="loginUnsuccess" time="25.889" classname="com.apex.test.EcommerceLoginTest_Dp"/>
  <testcase name="loginUnsuccess" time="26.008" classname="com.apex.test.EcommerceLoginTest_Dp"/>
  <testcase name="loginUnsuccess" time="25.919" classname="com.apex.test.EcommerceLoginTest_Dp"/>
</testsuite> <!-- com.apex.test.EcommerceLoginTest_Dp -->
