<?xml version="1.0" encoding="UTF-8"?>
<!-- Generated by org.testng.reporters.JUnitReportReporter -->
<testsuite hostname="LAPTOP-IUSPVIV2" name="goodp.Goodp" tests="5" failures="0" timestamp="15 Nov 2017 12:08:40 GMT" time="90.686" errors="0">
  <testcase name="googleSearchTest" time="18.860" classname="goodp.Goodp"/>
  <testcase name="googleSearchTest" time="19.420" classname="goodp.Goodp"/>
  <testcase name="googleSearchTest" time="17.698" classname="goodp.Goodp"/>
  <testcase name="googleSearchTest" time="16.338" classname="goodp.Goodp"/>
  <testcase name="googleSearchTest" time="18.370" classname="goodp.Goodp"/>
</testsuite> <!-- goodp.Goodp -->
