<?xml version="1.0" encoding="UTF-8"?>
<!-- Generated by org.testng.reporters.JUnitReportReporter -->
<testsuite hostname="LAPTOP-IUSPVIV2" name="com.apex.pom.ecommerce.test.login.LoginTest" tests="1" failures="0" timestamp="23 Nov 2017 14:53:41 GMT" time="26.305" errors="0">
  <testcase name="sucessfulLogin" time="26.305" classname="com.apex.pom.ecommerce.test.login.LoginTest"/>
</testsuite> <!-- com.apex.pom.ecommerce.test.login.LoginTest -->
