<?xml version="1.0" encoding="UTF-8"?>
<!-- Generated by org.testng.reporters.JUnitReportReporter -->
<testsuite hostname="LAPTOP-IUSPVIV2" name="com.apex.pom.ecommerce.test.core.EcommerceBaseTest" tests="1" failures="0" timestamp="18 Nov 2017 00:03:06 GMT" time="17.784" errors="0">
  <testcase name="tempt" time="17.784" classname="com.apex.pom.ecommerce.test.core.EcommerceBaseTest"/>
</testsuite> <!-- com.apex.pom.ecommerce.test.core.EcommerceBaseTest -->
