<?xml version="1.0" encoding="UTF-8"?>
<!-- Generated by org.testng.reporters.JUnitReportReporter -->
<testsuite hostname="LAPTOP-IUSPVIV2" name="com.apex.pom.ecommerce.test.login.LoginTest" tests="1" failures="0" timestamp="2 Jan 2018 20:00:29 GMT" time="43.920" errors="0">
  <testcase name="sucessfulLogin" time="43.920" classname="com.apex.pom.ecommerce.test.login.LoginTest"/>
</testsuite> <!-- com.apex.pom.ecommerce.test.login.LoginTest -->
