<?xml version="1.0" encoding="UTF-8"?>
<!-- Generated by org.testng.reporters.JUnitReportReporter -->
<testsuite hostname="LAPTOP-IUSPVIV2" name="com.apex.pom.ecommerce.test.Registration.RegistrationTest" tests="2" failures="0" timestamp="23 Nov 2017 14:48:54 GMT" time="70.694" errors="0">
  <testcase name="test1" time="23.973" classname="com.apex.pom.ecommerce.test.Registration.RegistrationTest"/>
  <testcase name="test1" time="46.721" classname="com.apex.pom.ecommerce.test.Registration.RegistrationTest"/>
</testsuite> <!-- com.apex.pom.ecommerce.test.Registration.RegistrationTest -->
