<?xml version="1.0" encoding="UTF-8"?>
<!-- Generated by org.testng.reporters.JUnitReportReporter -->
<testsuite hostname="LAPTOP-IUSPVIV2" name="com.apex.pom.ecommerce.test.Registration.Temp" tests="2" failures="0" timestamp="17 Nov 2017 19:18:43 GMT" time="0.122" errors="0">
  <testcase name="test1" time="0.022" classname="com.apex.pom.ecommerce.test.Registration.Temp"/>
  <testcase name="test1" time="0.100" classname="com.apex.pom.ecommerce.test.Registration.Temp"/>
</testsuite> <!-- com.apex.pom.ecommerce.test.Registration.Temp -->
