<?xml version="1.0" encoding="UTF-8"?>
<!-- Generated by org.testng.reporters.JUnitReportReporter -->
<testsuite hostname="LAPTOP-IUSPVIV2" name="com.apex.pom.ecommerce.test.Order.OrderTest" tests="1" failures="0" timestamp="3 Jan 2018 16:32:16 GMT" time="50.858" errors="0">
  <testcase name="orderTest" time="50.858" classname="com.apex.pom.ecommerce.test.Order.OrderTest"/>
</testsuite> <!-- com.apex.pom.ecommerce.test.Order.OrderTest -->
