<?xml version="1.0" encoding="UTF-8"?>
<!-- Generated by org.testng.reporters.JUnitReportReporter -->
<testsuite hostname="LAPTOP-IUSPVIV2" name="com.apex.pom.ecommerce.test.Order.OrderTest" tests="1" failures="0" timestamp="23 Nov 2017 04:49:56 GMT" time="36.460" errors="0">
  <testcase name="orderTest" time="36.460" classname="com.apex.pom.ecommerce.test.Order.OrderTest"/>
</testsuite> <!-- com.apex.pom.ecommerce.test.Order.OrderTest -->
