<?xml version="1.0" encoding="UTF-8"?>
<!-- Generated by org.testng.reporters.JUnitReportReporter -->
<testsuite hostname="LAPTOP-IUSPVIV2" name="com.apex.pom.ecommerce.test.login.LoginTest" tests="1" failures="0" timestamp="23 Nov 2017 23:31:47 GMT" time="62.584" errors="0">
  <testcase name="sucessfulLogin" time="62.584" classname="com.apex.pom.ecommerce.test.login.LoginTest"/>
</testsuite> <!-- com.apex.pom.ecommerce.test.login.LoginTest -->
