<?xml version="1.0" encoding="UTF-8"?>
<!-- Generated by org.testng.reporters.JUnitReportReporter -->
<testsuite hostname="LAPTOP-IUSPVIV2" name="com.apex.pom.ecommerce.test.Registration.RegistrationTest" tests="2" failures="0" timestamp="23 Nov 2017 23:31:47 GMT" time="129.820" errors="0">
  <testcase name="test1" time="63.300" classname="com.apex.pom.ecommerce.test.Registration.RegistrationTest"/>
  <testcase name="test1" time="66.520" classname="com.apex.pom.ecommerce.test.Registration.RegistrationTest"/>
</testsuite> <!-- com.apex.pom.ecommerce.test.Registration.RegistrationTest -->
