<?xml version="1.0" encoding="UTF-8"?>
<!-- Generated by org.testng.reporters.JUnitReportReporter -->
<testsuite hostname="LAPTOP-IUSPVIV2" name="come.reqres.rest.api.test.GetApiTest" tests="1" failures="0" timestamp="7 Jan 2018 02:36:54 GMT" time="3.800" errors="0">
  <testcase name="getAPITestWithoutHeaders" time="3.800" classname="come.reqres.rest.api.test.GetApiTest"/>
</testsuite> <!-- come.reqres.rest.api.test.GetApiTest -->
