<?xml version="1.0" encoding="UTF-8"?>
<!-- Generated by org.testng.reporters.JUnitReportReporter -->
<testsuite hostname="LAPTOP-IUSPVIV2" name="come.reqres.rest.api.test.GetApiTest" tests="1" failures="0" timestamp="6 Dec 2017 03:35:17 GMT" time="3.436" errors="0">
  <testcase name="f" time="3.436" classname="come.reqres.rest.api.test.GetApiTest"/>
</testsuite> <!-- come.reqres.rest.api.test.GetApiTest -->
