<?xml version="1.0" encoding="UTF-8"?>
<!-- Generated by org.testng.reporters.JUnitReportReporter -->
<testsuite hostname="LAPTOP-IUSPVIV2" name="com.apex.customer.service.test.CustomerServiceTest_Post" tests="1" failures="0" timestamp="7 Dec 2017 06:41:36 GMT" time="4.260" errors="0">
  <testcase name="f" time="4.260" classname="com.apex.customer.service.test.CustomerServiceTest_Post"/>
</testsuite> <!-- com.apex.customer.service.test.CustomerServiceTest_Post -->
