<?xml version="1.0" encoding="UTF-8"?>
<!-- Generated by org.testng.reporters.JUnitReportReporter -->
<testsuite hostname="LAPTOP-IUSPVIV2" name="com.apex.customer.service.test.CustomerServiceTest_NG" tests="2" failures="0" timestamp="4 Dec 2017 19:17:33 GMT" time="2.255" errors="0">
  <testcase name="testwith404Scenario" time="1.818" classname="com.apex.customer.service.test.CustomerServiceTest_NG"/>
  <testcase name="testwithSucessfulScenario" time="0.437" classname="com.apex.customer.service.test.CustomerServiceTest_NG"/>
</testsuite> <!-- com.apex.customer.service.test.CustomerServiceTest_NG -->
